<?xml version="1.0" encoding="UTF-8"?>
<!-- Generated by org.testng.reporters.JUnitReportReporter -->
<testsuite hostname="DESKTOP-GAB07FU" failures="0" tests="1" name="cucumberOptions.TestNGTestRunner" time="11.364" errors="0" timestamp="2023-03-07T20:34:28 CST" skipped="0">
  <testcase classname="cucumberOptions.TestNGTestRunner" name="runScenario" time="11.364"/>
  <system-out/>
</testsuite> <!-- cucumberOptions.TestNGTestRunner -->
