<?xml version="1.0" encoding="UTF-8"?>
<!-- Generated by org.testng.reporters.JUnitReportReporter -->
<testsuite hostname="DESKTOP-GAB07FU" failures="0" tests="1" name="cucumberOptions.TestNGTestRunner" time="0.127" errors="0" timestamp="2022-10-04T00:11:49 CDT" skipped="0">
  <testcase classname="cucumberOptions.TestNGTestRunner" name="runScenario" time="0.127"/>
  <system-out/>
</testsuite> <!-- cucumberOptions.TestNGTestRunner -->
