<?xml version="1.0" encoding="UTF-8"?>
<!-- Generated by org.testng.reporters.JUnitReportReporter -->
<testsuite hostname="DESKTOP-GAB07FU" failures="0" tests="1" name="cucumberOptions.TestNGTestRunner" time="10.424" errors="0" timestamp="2022-10-11T23:59:55 CDT" skipped="0">
  <testcase classname="cucumberOptions.TestNGTestRunner" name="runScenario" time="10.424"/>
  <system-out/>
</testsuite> <!-- cucumberOptions.TestNGTestRunner -->
