<?xml version="1.0" encoding="UTF-8"?>
<!-- Generated by org.testng.reporters.JUnitReportReporter -->
<testsuite hostname="DESKTOP-GAB07FU" failures="0" tests="2" name="cucumberOptions.TestNGTestRunner" time="25.828" errors="0" timestamp="2023-03-16T16:36:57 CST" skipped="0">
  <testcase classname="cucumberOptions.TestNGTestRunner" name="runScenario" time="12.728"/>
  <system-out/>
  <testcase classname="cucumberOptions.TestNGTestRunner" name="runScenario" time="13.100"/>
  <system-out/>
</testsuite> <!-- cucumberOptions.TestNGTestRunner -->
