<?xml version="1.0" encoding="UTF-8"?>
<!-- Generated by org.testng.reporters.JUnitReportReporter -->
<testsuite hostname="DESKTOP-GAB07FU" failures="0" tests="4" name="cucumberOptions.TestNGTestRunner" time="102.207" errors="0" timestamp="2023-03-17T15:02:28 CST" skipped="0">
  <testcase classname="cucumberOptions.TestNGTestRunner" name="runScenario" time="25.423"/>
  <system-out/>
  <testcase classname="cucumberOptions.TestNGTestRunner" name="runScenario" time="25.195"/>
  <system-out/>
  <testcase classname="cucumberOptions.TestNGTestRunner" name="runScenario" time="25.517"/>
  <system-out/>
  <testcase classname="cucumberOptions.TestNGTestRunner" name="runScenario" time="26.072"/>
  <system-out/>
</testsuite> <!-- cucumberOptions.TestNGTestRunner -->
