<?xml version="1.0" encoding="UTF-8"?>
<!-- Generated by org.testng.reporters.JUnitReportReporter -->
<testsuite hostname="DESKTOP-GAB07FU" failures="0" tests="4" name="cucumberOptions.TestNGTestRunner" time="96.680" errors="0" timestamp="2023-03-17T14:33:49 CST" skipped="0">
  <testcase classname="cucumberOptions.TestNGTestRunner" name="runScenario" time="24.916"/>
  <system-out/>
  <testcase classname="cucumberOptions.TestNGTestRunner" name="runScenario" time="23.804"/>
  <system-out/>
  <testcase classname="cucumberOptions.TestNGTestRunner" name="runScenario" time="23.186"/>
  <system-out/>
  <testcase classname="cucumberOptions.TestNGTestRunner" name="runScenario" time="24.774"/>
  <system-out/>
</testsuite> <!-- cucumberOptions.TestNGTestRunner -->
